2024-08-23 17:48:34.119 [info] Extension host with pid 20620 started
2024-08-23 17:48:34.210 [info] ExtensionService#_doActivateExtension vscode.git-base, startup: true, activationEvent: '*', root cause: vscode.git
2024-08-23 17:48:34.222 [info] ExtensionService#_doActivateExtension EditorConfig.EditorConfig, startup: true, activationEvent: '*'
2024-08-23 17:48:34.636 [info] ExtensionService#_doActivateExtension formulahendry.auto-rename-tag, startup: true, activationEvent: '*'
2024-08-23 17:48:34.741 [info] ExtensionService#_doActivateExtension icrawl.discord-vscode, startup: true, activationEvent: '*'
2024-08-23 17:48:34.829 [info] ExtensionService#_doActivateExtension Zignd.html-css-class-completion, startup: true, activationEvent: '*'
2024-08-23 17:48:35.374 [info] ExtensionService#_doActivateExtension vscode.git, startup: true, activationEvent: '*'
2024-08-23 17:48:35.567 [info] ExtensionService#_doActivateExtension vscode.github, startup: true, activationEvent: '*'
2024-08-23 17:48:36.683 [info] Eager extensions activated
2024-08-23 17:48:36.685 [info] ExtensionService#_doActivateExtension vscode.debug-auto-launch, startup: false, activationEvent: 'onStartupFinished'
2024-08-23 17:48:36.691 [info] ExtensionService#_doActivateExtension vscode.merge-conflict, startup: false, activationEvent: 'onStartupFinished'
2024-08-23 17:48:36.712 [info] ExtensionService#_doActivateExtension bradlc.vscode-tailwindcss, startup: false, activationEvent: 'onStartupFinished'
2024-08-23 17:48:36.777 [info] ExtensionService#_doActivateExtension eamodio.gitlens, startup: false, activationEvent: 'onStartupFinished'
2024-08-23 17:48:36.943 [info] ExtensionService#_doActivateExtension ecmel.vscode-html-css, startup: false, activationEvent: 'onStartupFinished'
2024-08-23 17:48:36.947 [info] ExtensionService#_doActivateExtension esbenp.prettier-vscode, startup: false, activationEvent: 'onStartupFinished'
2024-08-23 17:48:37.028 [info] ExtensionService#_doActivateExtension vscode.github-authentication, startup: false, activationEvent: 'onStartupFinished', root cause: GitHub.vscode-pull-request-github
2024-08-23 17:48:37.063 [info] ExtensionService#_doActivateExtension kisstkondoros.vscode-gutter-preview, startup: false, activationEvent: 'onStartupFinished'
2024-08-23 17:48:37.133 [info] ExtensionService#_doActivateExtension naumovs.color-highlight, startup: false, activationEvent: 'onStartupFinished'
2024-08-23 17:48:37.142 [info] ExtensionService#_doActivateExtension PKief.material-icon-theme, startup: false, activationEvent: 'onStartupFinished'
2024-08-23 17:48:37.202 [info] ExtensionService#_doActivateExtension ritwickdey.LiveServer, startup: false, activationEvent: 'onStartupFinished'
2024-08-23 17:48:37.239 [info] ExtensionService#_doActivateExtension streetsidesoftware.code-spell-checker, startup: false, activationEvent: 'onStartupFinished'
2024-08-23 17:48:37.437 [info] ExtensionService#_doActivateExtension WallabyJs.console-ninja, startup: false, activationEvent: 'onStartupFinished'
2024-08-23 17:48:37.881 [info] ExtensionService#_doActivateExtension GitHub.vscode-pull-request-github, startup: false, activationEvent: 'onStartupFinished'
2024-08-23 17:48:38.301 [info] ExtensionService#_doActivateExtension vscode.configuration-editing, startup: false, activationEvent: 'onLanguage:jsonc'
2024-08-23 17:48:38.344 [info] ExtensionService#_doActivateExtension vscode.json-language-features, startup: false, activationEvent: 'onLanguage:jsonc'
2024-08-23 17:48:38.433 [info] ExtensionService#_doActivateExtension vscode.typescript-language-features, startup: false, activationEvent: 'onLanguage:jsonc'
2024-08-23 17:48:38.542 [info] ExtensionService#_doActivateExtension vscode.emmet, startup: false, activationEvent: 'onLanguage'
2024-08-23 17:48:58.696 [info] Extension host terminating: renderer closed the MessagePort
2024-08-23 17:48:58.868 [error] Canceled: Canceled
    at new C (c:\Users\kauan\AppData\Local\Programs\Microsoft VS Code\resources\app\out\vs\workbench\api\node\extensionHostProcess.js:144:35204)
    at E.U (c:\Users\kauan\AppData\Local\Programs\Microsoft VS Code\resources\app\out\vs\workbench\api\node\extensionHostProcess.js:151:6017)
    at Proxy.B.<computed>.j.charCodeAt.R.CharCode.DollarSign.B.<computed> (c:\Users\kauan\AppData\Local\Programs\Microsoft VS Code\resources\app\out\vs\workbench\api\node\extensionHostProcess.js:151:3107)
    at d.g (c:\Users\kauan\AppData\Local\Programs\Microsoft VS Code\resources\app\out\vs\workbench\api\node\extensionHostProcess.js:154:205942)
    at d.executeCommand (c:\Users\kauan\AppData\Local\Programs\Microsoft VS Code\resources\app\out\vs\workbench\api\node\extensionHostProcess.js:154:205380)
    at A.registerCommand.description (c:\Users\kauan\AppData\Local\Programs\Microsoft VS Code\resources\app\out\vs\workbench\api\node\extensionHostProcess.js:154:204704)
    at d.h (c:\Users\kauan\AppData\Local\Programs\Microsoft VS Code\resources\app\out\vs\workbench\api\node\extensionHostProcess.js:154:206481)
    at d.g (c:\Users\kauan\AppData\Local\Programs\Microsoft VS Code\resources\app\out\vs\workbench\api\node\extensionHostProcess.js:154:205473)
    at d.executeCommand (c:\Users\kauan\AppData\Local\Programs\Microsoft VS Code\resources\app\out\vs\workbench\api\node\extensionHostProcess.js:154:205380)
    at Object.executeCommand (c:\Users\kauan\AppData\Local\Programs\Microsoft VS Code\resources\app\out\vs\workbench\api\node\extensionHostProcess.js:164:23060)
    at w (c:\Users\kauan\.vscode\extensions\eamodio.gitlens-15.3.1\dist\gitlens.js:1476:39551)
    at c (c:\Users\kauan\.vscode\extensions\eamodio.gitlens-15.3.1\dist\gitlens.js:1476:44610)
    at ActionRunners._updateContextKeys (c:\Users\kauan\.vscode\extensions\eamodio.gitlens-15.3.1\dist\gitlens.js:1120:19641)
    at s (c:\Users\kauan\.vscode\extensions\eamodio.gitlens-15.3.1\dist\gitlens.js:1120:18085)
    at RegisteredActionRunner.unregister (c:\Users\kauan\.vscode\extensions\eamodio.gitlens-15.3.1\dist\gitlens.js:1120:18228)
    at RegisteredActionRunner.dispose (c:\Users\kauan\.vscode\extensions\eamodio.gitlens-15.3.1\dist\gitlens.js:1120:16881)
    at ActionRunners.dispose (c:\Users\kauan\.vscode\extensions\eamodio.gitlens-15.3.1\dist\gitlens.js:1120:17668)
    at c:\Users\kauan\.vscode\extensions\eamodio.gitlens-15.3.1\dist\gitlens.js:1434:20224
    at Array.forEach (<anonymous>)
    at Object.dispose (c:\Users\kauan\.vscode\extensions\eamodio.gitlens-15.3.1\dist\gitlens.js:1434:20206)
    at $ (c:\Users\kauan\AppData\Local\Programs\Microsoft VS Code\resources\app\out\vs\workbench\api\node\extensionHostProcess.js:30:744)
    at c:\Users\kauan\AppData\Local\Programs\Microsoft VS Code\resources\app\out\vs\workbench\api\node\extensionHostProcess.js:160:13379
    at c:\Users\kauan\AppData\Local\Programs\Microsoft VS Code\resources\app\out\vs\workbench\api\node\extensionHostProcess.js:30:1112
    at Object.dispose (c:\Users\kauan\AppData\Local\Programs\Microsoft VS Code\resources\app\out\vs\workbench\api\node\extensionHostProcess.js:11:11354)
    at m.eb (c:\Users\kauan\AppData\Local\Programs\Microsoft VS Code\resources\app\out\vs\workbench\api\node\extensionHostProcess.js:160:10056)
    at c:\Users\kauan\AppData\Local\Programs\Microsoft VS Code\resources\app\out\vs\workbench\api\node\extensionHostProcess.js:160:7927
    at Array.map (<anonymous>)
    at m.$ (c:\Users\kauan\AppData\Local\Programs\Microsoft VS Code\resources\app\out\vs\workbench\api\node\extensionHostProcess.js:160:7914)
    at m.terminate (c:\Users\kauan\AppData\Local\Programs\Microsoft VS Code\resources\app\out\vs\workbench\api\node\extensionHostProcess.js:160:8187)
    at $.terminate (c:\Users\kauan\AppData\Local\Programs\Microsoft VS Code\resources\app\out\vs\workbench\api\node\extensionHostProcess.js:164:1513)
    at o (c:\Users\kauan\AppData\Local\Programs\Microsoft VS Code\resources\app\out\vs\workbench\api\node\extensionHostProcess.js:177:10633)
    at MessagePortMain.<anonymous> (c:\Users\kauan\AppData\Local\Programs\Microsoft VS Code\resources\app\out\vs\workbench\api\node\extensionHostProcess.js:177:6825)
    at MessagePortMain.emit (node:events:519:28)
    at Object.MessagePortMain._internalPort.emit (node:electron/js2c/utility_init:2:2285) setContext undefined
2024-08-23 17:48:58.869 [error] Canceled: Canceled
    at new C (c:\Users\kauan\AppData\Local\Programs\Microsoft VS Code\resources\app\out\vs\workbench\api\node\extensionHostProcess.js:144:35204)
    at E.U (c:\Users\kauan\AppData\Local\Programs\Microsoft VS Code\resources\app\out\vs\workbench\api\node\extensionHostProcess.js:151:6017)
    at Proxy.B.<computed>.j.charCodeAt.R.CharCode.DollarSign.B.<computed> (c:\Users\kauan\AppData\Local\Programs\Microsoft VS Code\resources\app\out\vs\workbench\api\node\extensionHostProcess.js:151:3107)
    at d.g (c:\Users\kauan\AppData\Local\Programs\Microsoft VS Code\resources\app\out\vs\workbench\api\node\extensionHostProcess.js:154:205942)
    at d.executeCommand (c:\Users\kauan\AppData\Local\Programs\Microsoft VS Code\resources\app\out\vs\workbench\api\node\extensionHostProcess.js:154:205380)
    at A.registerCommand.description (c:\Users\kauan\AppData\Local\Programs\Microsoft VS Code\resources\app\out\vs\workbench\api\node\extensionHostProcess.js:154:204704)
    at d.h (c:\Users\kauan\AppData\Local\Programs\Microsoft VS Code\resources\app\out\vs\workbench\api\node\extensionHostProcess.js:154:206481)
    at d.g (c:\Users\kauan\AppData\Local\Programs\Microsoft VS Code\resources\app\out\vs\workbench\api\node\extensionHostProcess.js:154:205473)
    at d.executeCommand (c:\Users\kauan\AppData\Local\Programs\Microsoft VS Code\resources\app\out\vs\workbench\api\node\extensionHostProcess.js:154:205380)
    at Object.executeCommand (c:\Users\kauan\AppData\Local\Programs\Microsoft VS Code\resources\app\out\vs\workbench\api\node\extensionHostProcess.js:164:23060)
    at w (c:\Users\kauan\.vscode\extensions\eamodio.gitlens-15.3.1\dist\gitlens.js:1476:39551)
    at c (c:\Users\kauan\.vscode\extensions\eamodio.gitlens-15.3.1\dist\gitlens.js:1476:44610)
    at ActionRunners._updateContextKeys (c:\Users\kauan\.vscode\extensions\eamodio.gitlens-15.3.1\dist\gitlens.js:1120:19641)
    at s (c:\Users\kauan\.vscode\extensions\eamodio.gitlens-15.3.1\dist\gitlens.js:1120:18085)
    at RegisteredActionRunner.unregister (c:\Users\kauan\.vscode\extensions\eamodio.gitlens-15.3.1\dist\gitlens.js:1120:18228)
    at RegisteredActionRunner.dispose (c:\Users\kauan\.vscode\extensions\eamodio.gitlens-15.3.1\dist\gitlens.js:1120:16881)
    at ActionRunners.dispose (c:\Users\kauan\.vscode\extensions\eamodio.gitlens-15.3.1\dist\gitlens.js:1120:17668)
    at c:\Users\kauan\.vscode\extensions\eamodio.gitlens-15.3.1\dist\gitlens.js:1434:20224
    at Array.forEach (<anonymous>)
    at Object.dispose (c:\Users\kauan\.vscode\extensions\eamodio.gitlens-15.3.1\dist\gitlens.js:1434:20206)
    at $ (c:\Users\kauan\AppData\Local\Programs\Microsoft VS Code\resources\app\out\vs\workbench\api\node\extensionHostProcess.js:30:744)
    at c:\Users\kauan\AppData\Local\Programs\Microsoft VS Code\resources\app\out\vs\workbench\api\node\extensionHostProcess.js:160:13379
    at c:\Users\kauan\AppData\Local\Programs\Microsoft VS Code\resources\app\out\vs\workbench\api\node\extensionHostProcess.js:30:1112
    at Object.dispose (c:\Users\kauan\AppData\Local\Programs\Microsoft VS Code\resources\app\out\vs\workbench\api\node\extensionHostProcess.js:11:11354)
    at m.eb (c:\Users\kauan\AppData\Local\Programs\Microsoft VS Code\resources\app\out\vs\workbench\api\node\extensionHostProcess.js:160:10056)
    at c:\Users\kauan\AppData\Local\Programs\Microsoft VS Code\resources\app\out\vs\workbench\api\node\extensionHostProcess.js:160:7927
    at Array.map (<anonymous>)
    at m.$ (c:\Users\kauan\AppData\Local\Programs\Microsoft VS Code\resources\app\out\vs\workbench\api\node\extensionHostProcess.js:160:7914)
    at m.terminate (c:\Users\kauan\AppData\Local\Programs\Microsoft VS Code\resources\app\out\vs\workbench\api\node\extensionHostProcess.js:160:8187)
    at $.terminate (c:\Users\kauan\AppData\Local\Programs\Microsoft VS Code\resources\app\out\vs\workbench\api\node\extensionHostProcess.js:164:1513)
    at o (c:\Users\kauan\AppData\Local\Programs\Microsoft VS Code\resources\app\out\vs\workbench\api\node\extensionHostProcess.js:177:10633)
    at MessagePortMain.<anonymous> (c:\Users\kauan\AppData\Local\Programs\Microsoft VS Code\resources\app\out\vs\workbench\api\node\extensionHostProcess.js:177:6825)
    at MessagePortMain.emit (node:events:519:28)
    at Object.MessagePortMain._internalPort.emit (node:electron/js2c/utility_init:2:2285) setContext undefined
2024-08-23 17:48:58.870 [error] Canceled: Canceled
    at new C (c:\Users\kauan\AppData\Local\Programs\Microsoft VS Code\resources\app\out\vs\workbench\api\node\extensionHostProcess.js:144:35204)
    at E.U (c:\Users\kauan\AppData\Local\Programs\Microsoft VS Code\resources\app\out\vs\workbench\api\node\extensionHostProcess.js:151:6017)
    at Proxy.B.<computed>.j.charCodeAt.R.CharCode.DollarSign.B.<computed> (c:\Users\kauan\AppData\Local\Programs\Microsoft VS Code\resources\app\out\vs\workbench\api\node\extensionHostProcess.js:151:3107)
    at d.g (c:\Users\kauan\AppData\Local\Programs\Microsoft VS Code\resources\app\out\vs\workbench\api\node\extensionHostProcess.js:154:205942)
    at d.executeCommand (c:\Users\kauan\AppData\Local\Programs\Microsoft VS Code\resources\app\out\vs\workbench\api\node\extensionHostProcess.js:154:205380)
    at A.registerCommand.description (c:\Users\kauan\AppData\Local\Programs\Microsoft VS Code\resources\app\out\vs\workbench\api\node\extensionHostProcess.js:154:204704)
    at d.h (c:\Users\kauan\AppData\Local\Programs\Microsoft VS Code\resources\app\out\vs\workbench\api\node\extensionHostProcess.js:154:206481)
    at d.g (c:\Users\kauan\AppData\Local\Programs\Microsoft VS Code\resources\app\out\vs\workbench\api\node\extensionHostProcess.js:154:205473)
    at d.executeCommand (c:\Users\kauan\AppData\Local\Programs\Microsoft VS Code\resources\app\out\vs\workbench\api\node\extensionHostProcess.js:154:205380)
    at Object.executeCommand (c:\Users\kauan\AppData\Local\Programs\Microsoft VS Code\resources\app\out\vs\workbench\api\node\extensionHostProcess.js:164:23060)
    at w (c:\Users\kauan\.vscode\extensions\eamodio.gitlens-15.3.1\dist\gitlens.js:1476:39551)
    at c (c:\Users\kauan\.vscode\extensions\eamodio.gitlens-15.3.1\dist\gitlens.js:1476:44610)
    at ActionRunners._updateContextKeys (c:\Users\kauan\.vscode\extensions\eamodio.gitlens-15.3.1\dist\gitlens.js:1120:19641)
    at s (c:\Users\kauan\.vscode\extensions\eamodio.gitlens-15.3.1\dist\gitlens.js:1120:18085)
    at RegisteredActionRunner.unregister (c:\Users\kauan\.vscode\extensions\eamodio.gitlens-15.3.1\dist\gitlens.js:1120:18228)
    at RegisteredActionRunner.dispose (c:\Users\kauan\.vscode\extensions\eamodio.gitlens-15.3.1\dist\gitlens.js:1120:16881)
    at Object.dispose (c:\Users\kauan\.vscode\extensions\eamodio.gitlens-15.3.1\dist\gitlens.js:1120:18322)
    at $ (c:\Users\kauan\AppData\Local\Programs\Microsoft VS Code\resources\app\out\vs\workbench\api\node\extensionHostProcess.js:30:744)
    at c:\Users\kauan\AppData\Local\Programs\Microsoft VS Code\resources\app\out\vs\workbench\api\node\extensionHostProcess.js:160:13379
    at c:\Users\kauan\AppData\Local\Programs\Microsoft VS Code\resources\app\out\vs\workbench\api\node\extensionHostProcess.js:30:1112
    at Object.dispose (c:\Users\kauan\AppData\Local\Programs\Microsoft VS Code\resources\app\out\vs\workbench\api\node\extensionHostProcess.js:11:11354)
    at m.eb (c:\Users\kauan\AppData\Local\Programs\Microsoft VS Code\resources\app\out\vs\workbench\api\node\extensionHostProcess.js:160:10056)
    at c:\Users\kauan\AppData\Local\Programs\Microsoft VS Code\resources\app\out\vs\workbench\api\node\extensionHostProcess.js:160:7927
    at Array.map (<anonymous>)
    at m.$ (c:\Users\kauan\AppData\Local\Programs\Microsoft VS Code\resources\app\out\vs\workbench\api\node\extensionHostProcess.js:160:7914)
    at m.terminate (c:\Users\kauan\AppData\Local\Programs\Microsoft VS Code\resources\app\out\vs\workbench\api\node\extensionHostProcess.js:160:8187)
    at $.terminate (c:\Users\kauan\AppData\Local\Programs\Microsoft VS Code\resources\app\out\vs\workbench\api\node\extensionHostProcess.js:164:1513)
    at o (c:\Users\kauan\AppData\Local\Programs\Microsoft VS Code\resources\app\out\vs\workbench\api\node\extensionHostProcess.js:177:10633)
    at MessagePortMain.<anonymous> (c:\Users\kauan\AppData\Local\Programs\Microsoft VS Code\resources\app\out\vs\workbench\api\node\extensionHostProcess.js:177:6825)
    at MessagePortMain.emit (node:events:519:28)
    at Object.MessagePortMain._internalPort.emit (node:electron/js2c/utility_init:2:2285) setContext undefined
2024-08-23 17:48:58.879 [error] Canceled: Canceled
    at new C (c:\Users\kauan\AppData\Local\Programs\Microsoft VS Code\resources\app\out\vs\workbench\api\node\extensionHostProcess.js:144:35204)
    at E.U (c:\Users\kauan\AppData\Local\Programs\Microsoft VS Code\resources\app\out\vs\workbench\api\node\extensionHostProcess.js:151:6017)
    at Proxy.B.<computed>.j.charCodeAt.R.CharCode.DollarSign.B.<computed> (c:\Users\kauan\AppData\Local\Programs\Microsoft VS Code\resources\app\out\vs\workbench\api\node\extensionHostProcess.js:151:3107)
    at d.g (c:\Users\kauan\AppData\Local\Programs\Microsoft VS Code\resources\app\out\vs\workbench\api\node\extensionHostProcess.js:154:205942)
    at d.executeCommand (c:\Users\kauan\AppData\Local\Programs\Microsoft VS Code\resources\app\out\vs\workbench\api\node\extensionHostProcess.js:154:205380)
    at A.registerCommand.description (c:\Users\kauan\AppData\Local\Programs\Microsoft VS Code\resources\app\out\vs\workbench\api\node\extensionHostProcess.js:154:204704)
    at d.h (c:\Users\kauan\AppData\Local\Programs\Microsoft VS Code\resources\app\out\vs\workbench\api\node\extensionHostProcess.js:154:206481)
    at d.g (c:\Users\kauan\AppData\Local\Programs\Microsoft VS Code\resources\app\out\vs\workbench\api\node\extensionHostProcess.js:154:205473)
    at d.executeCommand (c:\Users\kauan\AppData\Local\Programs\Microsoft VS Code\resources\app\out\vs\workbench\api\node\extensionHostProcess.js:154:205380)
    at Object.executeCommand (c:\Users\kauan\AppData\Local\Programs\Microsoft VS Code\resources\app\out\vs\workbench\api\node\extensionHostProcess.js:164:23060)
    at Ju._stopHost (c:\Users\kauan\.vscode\extensions\wallabyjs.console-ninja-1.0.350\out\extension\index.js:1:960413)
    at Ju.dispose (c:\Users\kauan\.vscode\extensions\wallabyjs.console-ninja-1.0.350\out\extension\index.js:1:985031)
    at $ (c:\Users\kauan\AppData\Local\Programs\Microsoft VS Code\resources\app\out\vs\workbench\api\node\extensionHostProcess.js:30:744)
    at c:\Users\kauan\AppData\Local\Programs\Microsoft VS Code\resources\app\out\vs\workbench\api\node\extensionHostProcess.js:160:13379
    at c:\Users\kauan\AppData\Local\Programs\Microsoft VS Code\resources\app\out\vs\workbench\api\node\extensionHostProcess.js:30:1112
    at Object.dispose (c:\Users\kauan\AppData\Local\Programs\Microsoft VS Code\resources\app\out\vs\workbench\api\node\extensionHostProcess.js:11:11354)
    at m.eb (c:\Users\kauan\AppData\Local\Programs\Microsoft VS Code\resources\app\out\vs\workbench\api\node\extensionHostProcess.js:160:10056)
    at c:\Users\kauan\AppData\Local\Programs\Microsoft VS Code\resources\app\out\vs\workbench\api\node\extensionHostProcess.js:160:7927
    at Array.map (<anonymous>)
    at m.$ (c:\Users\kauan\AppData\Local\Programs\Microsoft VS Code\resources\app\out\vs\workbench\api\node\extensionHostProcess.js:160:7914)
    at m.terminate (c:\Users\kauan\AppData\Local\Programs\Microsoft VS Code\resources\app\out\vs\workbench\api\node\extensionHostProcess.js:160:8187)
    at $.terminate (c:\Users\kauan\AppData\Local\Programs\Microsoft VS Code\resources\app\out\vs\workbench\api\node\extensionHostProcess.js:164:1513)
    at o (c:\Users\kauan\AppData\Local\Programs\Microsoft VS Code\resources\app\out\vs\workbench\api\node\extensionHostProcess.js:177:10633)
    at MessagePortMain.<anonymous> (c:\Users\kauan\AppData\Local\Programs\Microsoft VS Code\resources\app\out\vs\workbench\api\node\extensionHostProcess.js:177:6825)
    at MessagePortMain.emit (node:events:519:28)
    at Object.MessagePortMain._internalPort.emit (node:electron/js2c/utility_init:2:2285) setContext undefined
2024-08-23 17:48:58.880 [error] Canceled: Canceled
    at new C (c:\Users\kauan\AppData\Local\Programs\Microsoft VS Code\resources\app\out\vs\workbench\api\node\extensionHostProcess.js:144:35204)
    at E.U (c:\Users\kauan\AppData\Local\Programs\Microsoft VS Code\resources\app\out\vs\workbench\api\node\extensionHostProcess.js:151:6017)
    at Proxy.B.<computed>.j.charCodeAt.R.CharCode.DollarSign.B.<computed> (c:\Users\kauan\AppData\Local\Programs\Microsoft VS Code\resources\app\out\vs\workbench\api\node\extensionHostProcess.js:151:3107)
    at d.g (c:\Users\kauan\AppData\Local\Programs\Microsoft VS Code\resources\app\out\vs\workbench\api\node\extensionHostProcess.js:154:205942)
    at d.executeCommand (c:\Users\kauan\AppData\Local\Programs\Microsoft VS Code\resources\app\out\vs\workbench\api\node\extensionHostProcess.js:154:205380)
    at A.registerCommand.description (c:\Users\kauan\AppData\Local\Programs\Microsoft VS Code\resources\app\out\vs\workbench\api\node\extensionHostProcess.js:154:204704)
    at d.h (c:\Users\kauan\AppData\Local\Programs\Microsoft VS Code\resources\app\out\vs\workbench\api\node\extensionHostProcess.js:154:206481)
    at d.g (c:\Users\kauan\AppData\Local\Programs\Microsoft VS Code\resources\app\out\vs\workbench\api\node\extensionHostProcess.js:154:205473)
    at d.executeCommand (c:\Users\kauan\AppData\Local\Programs\Microsoft VS Code\resources\app\out\vs\workbench\api\node\extensionHostProcess.js:154:205380)
    at Object.executeCommand (c:\Users\kauan\AppData\Local\Programs\Microsoft VS Code\resources\app\out\vs\workbench\api\node\extensionHostProcess.js:164:23060)
    at Ju._stopHost (c:\Users\kauan\.vscode\extensions\wallabyjs.console-ninja-1.0.350\out\extension\index.js:1:960485)
    at Ju.dispose (c:\Users\kauan\.vscode\extensions\wallabyjs.console-ninja-1.0.350\out\extension\index.js:1:985031)
    at $ (c:\Users\kauan\AppData\Local\Programs\Microsoft VS Code\resources\app\out\vs\workbench\api\node\extensionHostProcess.js:30:744)
    at c:\Users\kauan\AppData\Local\Programs\Microsoft VS Code\resources\app\out\vs\workbench\api\node\extensionHostProcess.js:160:13379
    at c:\Users\kauan\AppData\Local\Programs\Microsoft VS Code\resources\app\out\vs\workbench\api\node\extensionHostProcess.js:30:1112
    at Object.dispose (c:\Users\kauan\AppData\Local\Programs\Microsoft VS Code\resources\app\out\vs\workbench\api\node\extensionHostProcess.js:11:11354)
    at m.eb (c:\Users\kauan\AppData\Local\Programs\Microsoft VS Code\resources\app\out\vs\workbench\api\node\extensionHostProcess.js:160:10056)
    at c:\Users\kauan\AppData\Local\Programs\Microsoft VS Code\resources\app\out\vs\workbench\api\node\extensionHostProcess.js:160:7927
    at Array.map (<anonymous>)
    at m.$ (c:\Users\kauan\AppData\Local\Programs\Microsoft VS Code\resources\app\out\vs\workbench\api\node\extensionHostProcess.js:160:7914)
    at m.terminate (c:\Users\kauan\AppData\Local\Programs\Microsoft VS Code\resources\app\out\vs\workbench\api\node\extensionHostProcess.js:160:8187)
    at $.terminate (c:\Users\kauan\AppData\Local\Programs\Microsoft VS Code\resources\app\out\vs\workbench\api\node\extensionHostProcess.js:164:1513)
    at o (c:\Users\kauan\AppData\Local\Programs\Microsoft VS Code\resources\app\out\vs\workbench\api\node\extensionHostProcess.js:177:10633)
    at MessagePortMain.<anonymous> (c:\Users\kauan\AppData\Local\Programs\Microsoft VS Code\resources\app\out\vs\workbench\api\node\extensionHostProcess.js:177:6825)
    at MessagePortMain.emit (node:events:519:28)
    at Object.MessagePortMain._internalPort.emit (node:electron/js2c/utility_init:2:2285) setContext undefined
2024-08-23 17:48:58.881 [error] Canceled: Canceled
    at new C (c:\Users\kauan\AppData\Local\Programs\Microsoft VS Code\resources\app\out\vs\workbench\api\node\extensionHostProcess.js:144:35204)
    at E.U (c:\Users\kauan\AppData\Local\Programs\Microsoft VS Code\resources\app\out\vs\workbench\api\node\extensionHostProcess.js:151:6017)
    at Proxy.B.<computed>.j.charCodeAt.R.CharCode.DollarSign.B.<computed> (c:\Users\kauan\AppData\Local\Programs\Microsoft VS Code\resources\app\out\vs\workbench\api\node\extensionHostProcess.js:151:3107)
    at d.g (c:\Users\kauan\AppData\Local\Programs\Microsoft VS Code\resources\app\out\vs\workbench\api\node\extensionHostProcess.js:154:205942)
    at d.executeCommand (c:\Users\kauan\AppData\Local\Programs\Microsoft VS Code\resources\app\out\vs\workbench\api\node\extensionHostProcess.js:154:205380)
    at A.registerCommand.description (c:\Users\kauan\AppData\Local\Programs\Microsoft VS Code\resources\app\out\vs\workbench\api\node\extensionHostProcess.js:154:204704)
    at d.h (c:\Users\kauan\AppData\Local\Programs\Microsoft VS Code\resources\app\out\vs\workbench\api\node\extensionHostProcess.js:154:206481)
    at d.g (c:\Users\kauan\AppData\Local\Programs\Microsoft VS Code\resources\app\out\vs\workbench\api\node\extensionHostProcess.js:154:205473)
    at d.executeCommand (c:\Users\kauan\AppData\Local\Programs\Microsoft VS Code\resources\app\out\vs\workbench\api\node\extensionHostProcess.js:154:205380)
    at Object.executeCommand (c:\Users\kauan\AppData\Local\Programs\Microsoft VS Code\resources\app\out\vs\workbench\api\node\extensionHostProcess.js:164:23060)
    at Ju._clearLatestError (c:\Users\kauan\.vscode\extensions\wallabyjs.console-ninja-1.0.350\out\extension\index.js:1:932862)
    at Ju.clearInlineMessagesAndLatestError (c:\Users\kauan\.vscode\extensions\wallabyjs.console-ninja-1.0.350\out\extension\index.js:1:932719)
    at Ju._stopHost (c:\Users\kauan\.vscode\extensions\wallabyjs.console-ninja-1.0.350\out\extension\index.js:1:960761)
    at Ju.dispose (c:\Users\kauan\.vscode\extensions\wallabyjs.console-ninja-1.0.350\out\extension\index.js:1:985031)
    at $ (c:\Users\kauan\AppData\Local\Programs\Microsoft VS Code\resources\app\out\vs\workbench\api\node\extensionHostProcess.js:30:744)
    at c:\Users\kauan\AppData\Local\Programs\Microsoft VS Code\resources\app\out\vs\workbench\api\node\extensionHostProcess.js:160:13379
    at c:\Users\kauan\AppData\Local\Programs\Microsoft VS Code\resources\app\out\vs\workbench\api\node\extensionHostProcess.js:30:1112
    at Object.dispose (c:\Users\kauan\AppData\Local\Programs\Microsoft VS Code\resources\app\out\vs\workbench\api\node\extensionHostProcess.js:11:11354)
    at m.eb (c:\Users\kauan\AppData\Local\Programs\Microsoft VS Code\resources\app\out\vs\workbench\api\node\extensionHostProcess.js:160:10056)
    at c:\Users\kauan\AppData\Local\Programs\Microsoft VS Code\resources\app\out\vs\workbench\api\node\extensionHostProcess.js:160:7927
    at Array.map (<anonymous>)
    at m.$ (c:\Users\kauan\AppData\Local\Programs\Microsoft VS Code\resources\app\out\vs\workbench\api\node\extensionHostProcess.js:160:7914)
    at m.terminate (c:\Users\kauan\AppData\Local\Programs\Microsoft VS Code\resources\app\out\vs\workbench\api\node\extensionHostProcess.js:160:8187)
    at $.terminate (c:\Users\kauan\AppData\Local\Programs\Microsoft VS Code\resources\app\out\vs\workbench\api\node\extensionHostProcess.js:164:1513)
    at o (c:\Users\kauan\AppData\Local\Programs\Microsoft VS Code\resources\app\out\vs\workbench\api\node\extensionHostProcess.js:177:10633)
    at MessagePortMain.<anonymous> (c:\Users\kauan\AppData\Local\Programs\Microsoft VS Code\resources\app\out\vs\workbench\api\node\extensionHostProcess.js:177:6825)
    at MessagePortMain.emit (node:events:519:28)
    at Object.MessagePortMain._internalPort.emit (node:electron/js2c/utility_init:2:2285) setContext undefined
2024-08-23 17:48:58.882 [error] Canceled: Canceled
    at new C (c:\Users\kauan\AppData\Local\Programs\Microsoft VS Code\resources\app\out\vs\workbench\api\node\extensionHostProcess.js:144:35204)
    at E.U (c:\Users\kauan\AppData\Local\Programs\Microsoft VS Code\resources\app\out\vs\workbench\api\node\extensionHostProcess.js:151:6017)
    at Proxy.B.<computed>.j.charCodeAt.R.CharCode.DollarSign.B.<computed> (c:\Users\kauan\AppData\Local\Programs\Microsoft VS Code\resources\app\out\vs\workbench\api\node\extensionHostProcess.js:151:3107)
    at d.g (c:\Users\kauan\AppData\Local\Programs\Microsoft VS Code\resources\app\out\vs\workbench\api\node\extensionHostProcess.js:154:205942)
    at d.executeCommand (c:\Users\kauan\AppData\Local\Programs\Microsoft VS Code\resources\app\out\vs\workbench\api\node\extensionHostProcess.js:154:205380)
    at A.registerCommand.description (c:\Users\kauan\AppData\Local\Programs\Microsoft VS Code\resources\app\out\vs\workbench\api\node\extensionHostProcess.js:154:204704)
    at d.h (c:\Users\kauan\AppData\Local\Programs\Microsoft VS Code\resources\app\out\vs\workbench\api\node\extensionHostProcess.js:154:206481)
    at d.g (c:\Users\kauan\AppData\Local\Programs\Microsoft VS Code\resources\app\out\vs\workbench\api\node\extensionHostProcess.js:154:205473)
    at d.executeCommand (c:\Users\kauan\AppData\Local\Programs\Microsoft VS Code\resources\app\out\vs\workbench\api\node\extensionHostProcess.js:154:205380)
    at Object.executeCommand (c:\Users\kauan\AppData\Local\Programs\Microsoft VS Code\resources\app\out\vs\workbench\api\node\extensionHostProcess.js:164:23060)
    at Ju._updateActiveEditorContext (c:\Users\kauan\.vscode\extensions\wallabyjs.console-ninja-1.0.350\out\extension\index.js:1:900749)
    at Ju.clearInlineMessagesAndLatestError (c:\Users\kauan\.vscode\extensions\wallabyjs.console-ninja-1.0.350\out\extension\index.js:1:932744)
    at Ju._stopHost (c:\Users\kauan\.vscode\extensions\wallabyjs.console-ninja-1.0.350\out\extension\index.js:1:960761)
    at Ju.dispose (c:\Users\kauan\.vscode\extensions\wallabyjs.console-ninja-1.0.350\out\extension\index.js:1:985031)
    at $ (c:\Users\kauan\AppData\Local\Programs\Microsoft VS Code\resources\app\out\vs\workbench\api\node\extensionHostProcess.js:30:744)
    at c:\Users\kauan\AppData\Local\Programs\Microsoft VS Code\resources\app\out\vs\workbench\api\node\extensionHostProcess.js:160:13379
    at c:\Users\kauan\AppData\Local\Programs\Microsoft VS Code\resources\app\out\vs\workbench\api\node\extensionHostProcess.js:30:1112
    at Object.dispose (c:\Users\kauan\AppData\Local\Programs\Microsoft VS Code\resources\app\out\vs\workbench\api\node\extensionHostProcess.js:11:11354)
    at m.eb (c:\Users\kauan\AppData\Local\Programs\Microsoft VS Code\resources\app\out\vs\workbench\api\node\extensionHostProcess.js:160:10056)
    at c:\Users\kauan\AppData\Local\Programs\Microsoft VS Code\resources\app\out\vs\workbench\api\node\extensionHostProcess.js:160:7927
    at Array.map (<anonymous>)
    at m.$ (c:\Users\kauan\AppData\Local\Programs\Microsoft VS Code\resources\app\out\vs\workbench\api\node\extensionHostProcess.js:160:7914)
    at m.terminate (c:\Users\kauan\AppData\Local\Programs\Microsoft VS Code\resources\app\out\vs\workbench\api\node\extensionHostProcess.js:160:8187)
    at $.terminate (c:\Users\kauan\AppData\Local\Programs\Microsoft VS Code\resources\app\out\vs\workbench\api\node\extensionHostProcess.js:164:1513)
    at o (c:\Users\kauan\AppData\Local\Programs\Microsoft VS Code\resources\app\out\vs\workbench\api\node\extensionHostProcess.js:177:10633)
    at MessagePortMain.<anonymous> (c:\Users\kauan\AppData\Local\Programs\Microsoft VS Code\resources\app\out\vs\workbench\api\node\extensionHostProcess.js:177:6825)
    at MessagePortMain.emit (node:events:519:28)
    at Object.MessagePortMain._internalPort.emit (node:electron/js2c/utility_init:2:2285) setContext undefined
2024-08-23 17:48:58.882 [error] Canceled: Canceled
    at new C (c:\Users\kauan\AppData\Local\Programs\Microsoft VS Code\resources\app\out\vs\workbench\api\node\extensionHostProcess.js:144:35204)
    at E.U (c:\Users\kauan\AppData\Local\Programs\Microsoft VS Code\resources\app\out\vs\workbench\api\node\extensionHostProcess.js:151:6017)
    at Proxy.B.<computed>.j.charCodeAt.R.CharCode.DollarSign.B.<computed> (c:\Users\kauan\AppData\Local\Programs\Microsoft VS Code\resources\app\out\vs\workbench\api\node\extensionHostProcess.js:151:3107)
    at d.g (c:\Users\kauan\AppData\Local\Programs\Microsoft VS Code\resources\app\out\vs\workbench\api\node\extensionHostProcess.js:154:205942)
    at d.executeCommand (c:\Users\kauan\AppData\Local\Programs\Microsoft VS Code\resources\app\out\vs\workbench\api\node\extensionHostProcess.js:154:205380)
    at A.registerCommand.description (c:\Users\kauan\AppData\Local\Programs\Microsoft VS Code\resources\app\out\vs\workbench\api\node\extensionHostProcess.js:154:204704)
    at d.h (c:\Users\kauan\AppData\Local\Programs\Microsoft VS Code\resources\app\out\vs\workbench\api\node\extensionHostProcess.js:154:206481)
    at d.g (c:\Users\kauan\AppData\Local\Programs\Microsoft VS Code\resources\app\out\vs\workbench\api\node\extensionHostProcess.js:154:205473)
    at d.executeCommand (c:\Users\kauan\AppData\Local\Programs\Microsoft VS Code\resources\app\out\vs\workbench\api\node\extensionHostProcess.js:154:205380)
    at Object.executeCommand (c:\Users\kauan\AppData\Local\Programs\Microsoft VS Code\resources\app\out\vs\workbench\api\node\extensionHostProcess.js:164:23060)
    at Ju._updateActiveEditorContext (c:\Users\kauan\.vscode\extensions\wallabyjs.console-ninja-1.0.350\out\extension\index.js:1:900955)
    at Ju.clearInlineMessagesAndLatestError (c:\Users\kauan\.vscode\extensions\wallabyjs.console-ninja-1.0.350\out\extension\index.js:1:932744)
    at Ju._stopHost (c:\Users\kauan\.vscode\extensions\wallabyjs.console-ninja-1.0.350\out\extension\index.js:1:960761)
    at Ju.dispose (c:\Users\kauan\.vscode\extensions\wallabyjs.console-ninja-1.0.350\out\extension\index.js:1:985031)
    at $ (c:\Users\kauan\AppData\Local\Programs\Microsoft VS Code\resources\app\out\vs\workbench\api\node\extensionHostProcess.js:30:744)
    at c:\Users\kauan\AppData\Local\Programs\Microsoft VS Code\resources\app\out\vs\workbench\api\node\extensionHostProcess.js:160:13379
    at c:\Users\kauan\AppData\Local\Programs\Microsoft VS Code\resources\app\out\vs\workbench\api\node\extensionHostProcess.js:30:1112
    at Object.dispose (c:\Users\kauan\AppData\Local\Programs\Microsoft VS Code\resources\app\out\vs\workbench\api\node\extensionHostProcess.js:11:11354)
    at m.eb (c:\Users\kauan\AppData\Local\Programs\Microsoft VS Code\resources\app\out\vs\workbench\api\node\extensionHostProcess.js:160:10056)
    at c:\Users\kauan\AppData\Local\Programs\Microsoft VS Code\resources\app\out\vs\workbench\api\node\extensionHostProcess.js:160:7927
    at Array.map (<anonymous>)
    at m.$ (c:\Users\kauan\AppData\Local\Programs\Microsoft VS Code\resources\app\out\vs\workbench\api\node\extensionHostProcess.js:160:7914)
    at m.terminate (c:\Users\kauan\AppData\Local\Programs\Microsoft VS Code\resources\app\out\vs\workbench\api\node\extensionHostProcess.js:160:8187)
    at $.terminate (c:\Users\kauan\AppData\Local\Programs\Microsoft VS Code\resources\app\out\vs\workbench\api\node\extensionHostProcess.js:164:1513)
    at o (c:\Users\kauan\AppData\Local\Programs\Microsoft VS Code\resources\app\out\vs\workbench\api\node\extensionHostProcess.js:177:10633)
    at MessagePortMain.<anonymous> (c:\Users\kauan\AppData\Local\Programs\Microsoft VS Code\resources\app\out\vs\workbench\api\node\extensionHostProcess.js:177:6825)
    at MessagePortMain.emit (node:events:519:28)
    at Object.MessagePortMain._internalPort.emit (node:electron/js2c/utility_init:2:2285) setContext undefined
2024-08-23 17:48:58.886 [info] Extension host with pid 20620 exiting with code 0
